{"/home/marccoquand/Projects/decoders/src/decoder.ts": {"path":"/home/marccoquand/Projects/decoders/src/decoder.ts","statementMap":{"0":{"start":{"line":1,"column":0},"end":{"line":1,"column":34}},"1":{"start":{"line":28,"column":0},"end":{"line":28,"column":13}},"2":{"start":{"line":133,"column":2},"end":{"line":133,"column":22}},"3":{"start":{"line":38,"column":2},"end":{"line":39,"column":73}},"4":{"start":{"line":39,"column":4},"end":{"line":39,"column":73}},"5":{"start":{"line":39,"column":24},"end":{"line":39,"column":72}},"6":{"start":{"line":39,"column":54},"end":{"line":39,"column":71}},"7":{"start":{"line":51,"column":2},"end":{"line":56,"column":7}},"8":{"start":{"line":52,"column":4},"end":{"line":56,"column":7}},"9":{"start":{"line":53,"column":21},"end":{"line":53,"column":39}},"10":{"start":{"line":54,"column":6},"end":{"line":55,"column":35}},"11":{"start":{"line":54,"column":31},"end":{"line":54,"column":45}},"12":{"start":{"line":55,"column":11},"end":{"line":55,"column":35}},"13":{"start":{"line":76,"column":2},"end":{"line":98,"column":7}},"14":{"start":{"line":77,"column":4},"end":{"line":77,"column":13}},"15":{"start":{"line":78,"column":4},"end":{"line":78,"column":18}},"16":{"start":{"line":83,"column":4},"end":{"line":98,"column":7}},"17":{"start":{"line":84,"column":21},"end":{"line":84,"column":39}},"18":{"start":{"line":86,"column":6},"end":{"line":97,"column":null}},"19":{"start":{"line":88,"column":10},"end":{"line":94,"column":null}},"20":{"start":{"line":89,"column":12},"end":{"line":89,"column":26}},"21":{"start":{"line":91,"column":12},"end":{"line":93,"column":58}},"22":{"start":{"line":92,"column":14},"end":{"line":92,"column":51}},"23":{"start":{"line":93,"column":17},"end":{"line":93,"column":58}},"24":{"start":{"line":96,"column":10},"end":{"line":96,"column":24}},"25":{"start":{"line":113,"column":2},"end":{"line":131,"column":7}},"26":{"start":{"line":114,"column":4},"end":{"line":131,"column":7}},"27":{"start":{"line":115,"column":19},"end":{"line":115,"column":37}},"28":{"start":{"line":116,"column":29},"end":{"line":116,"column":31}},"29":{"start":{"line":117,"column":6},"end":{"line":130,"column":null}},"30":{"start":{"line":119,"column":10},"end":{"line":119,"column":43}},"31":{"start":{"line":121,"column":23},"end":{"line":121,"column":44}},"32":{"start":{"line":122,"column":10},"end":{"line":129,"column":null}},"33":{"start":{"line":124,"column":14},"end":{"line":124,"column":47}},"34":{"start":{"line":126,"column":14},"end":{"line":126,"column":45}},"35":{"start":{"line":127,"column":14},"end":{"line":127,"column":45}},"36":{"start":{"line":128,"column":14},"end":{"line":128,"column":41}},"37":{"start":{"line":156,"column":2},"end":{"line":165,"column":4}},"38":{"start":{"line":157,"column":19},"end":{"line":157,"column":37}},"39":{"start":{"line":159,"column":4},"end":{"line":164,"column":10}},"40":{"start":{"line":161,"column":8},"end":{"line":163,"column":null}},"41":{"start":{"line":187,"column":2},"end":{"line":196,"column":7}},"42":{"start":{"line":188,"column":4},"end":{"line":196,"column":7}},"43":{"start":{"line":189,"column":21},"end":{"line":189,"column":39}},"44":{"start":{"line":190,"column":6},"end":{"line":195,"column":null}},"45":{"start":{"line":192,"column":10},"end":{"line":192,"column":66}},"46":{"start":{"line":194,"column":10},"end":{"line":194,"column":71}},"47":{"start":{"line":134,"column":4},"end":{"line":134,"column":27}},"48":{"start":{"line":209,"column":16},"end":{"line":215,"column":5}},"49":{"start":{"line":210,"column":4},"end":{"line":214,"column":null}},"50":{"start":{"line":211,"column":6},"end":{"line":211,"column":43}},"51":{"start":{"line":213,"column":6},"end":{"line":213,"column":29}},"52":{"start":{"line":234,"column":16},"end":{"line":238,"column":4}},"53":{"start":{"line":235,"column":4},"end":{"line":237,"column":null}},"54":{"start":{"line":248,"column":16},"end":{"line":258,"column":7}},"55":{"start":{"line":249,"column":4},"end":{"line":258,"column":7}},"56":{"start":{"line":250,"column":21},"end":{"line":250,"column":49}},"57":{"start":{"line":251,"column":6},"end":{"line":257,"column":null}},"58":{"start":{"line":253,"column":10},"end":{"line":254,"column":60}},"59":{"start":{"line":253,"column":40},"end":{"line":253,"column":62}},"60":{"start":{"line":254,"column":15},"end":{"line":254,"column":60}},"61":{"start":{"line":256,"column":10},"end":{"line":256,"column":47}},"62":{"start":{"line":268,"column":16},"end":{"line":278,"column":7}},"63":{"start":{"line":269,"column":4},"end":{"line":278,"column":7}},"64":{"start":{"line":270,"column":21},"end":{"line":270,"column":49}},"65":{"start":{"line":271,"column":6},"end":{"line":277,"column":null}},"66":{"start":{"line":273,"column":10},"end":{"line":274,"column":63}},"67":{"start":{"line":273,"column":43},"end":{"line":273,"column":68}},"68":{"start":{"line":274,"column":15},"end":{"line":274,"column":63}},"69":{"start":{"line":276,"column":10},"end":{"line":276,"column":47}},"70":{"start":{"line":288,"column":16},"end":{"line":290,"column":4}},"71":{"start":{"line":289,"column":4},"end":{"line":289,"column":null}},"72":{"start":{"line":295,"column":16},"end":{"line":296,"column":46}},"73":{"start":{"line":296,"column":4},"end":{"line":296,"column":46}},"74":{"start":{"line":296,"column":22},"end":{"line":296,"column":45}},"75":{"start":{"line":301,"column":16},"end":{"line":302,"column":40}},"76":{"start":{"line":302,"column":4},"end":{"line":302,"column":40}},"77":{"start":{"line":302,"column":22},"end":{"line":302,"column":39}},"78":{"start":{"line":312,"column":16},"end":{"line":317,"column":7}},"79":{"start":{"line":313,"column":4},"end":{"line":317,"column":7}},"80":{"start":{"line":314,"column":6},"end":{"line":316,"column":50}},"81":{"start":{"line":315,"column":8},"end":{"line":315,"column":69}},"82":{"start":{"line":315,"column":45},"end":{"line":315,"column":67}},"83":{"start":{"line":316,"column":13},"end":{"line":316,"column":50}},"84":{"start":{"line":327,"column":16},"end":{"line":330,"column":5}},"85":{"start":{"line":328,"column":4},"end":{"line":329,"column":47}},"86":{"start":{"line":328,"column":35},"end":{"line":328,"column":58}},"87":{"start":{"line":329,"column":9},"end":{"line":329,"column":47}},"88":{"start":{"line":343,"column":16},"end":{"line":355,"column":7}},"89":{"start":{"line":347,"column":4},"end":{"line":355,"column":7}},"90":{"start":{"line":348,"column":6},"end":{"line":354,"column":null}},"91":{"start":{"line":349,"column":8},"end":{"line":351,"column":77}},"92":{"start":{"line":351,"column":29},"end":{"line":351,"column":76}},"93":{"start":{"line":351,"column":46},"end":{"line":351,"column":75}},"94":{"start":{"line":353,"column":8},"end":{"line":353,"column":46}},"95":{"start":{"line":383,"column":16},"end":{"line":414,"column":7}},"96":{"start":{"line":386,"column":4},"end":{"line":414,"column":7}},"97":{"start":{"line":387,"column":6},"end":{"line":413,"column":null}},"98":{"start":{"line":388,"column":25},"end":{"line":388,"column":79}},"99":{"start":{"line":390,"column":23},"end":{"line":390,"column":25}},"100":{"start":{"line":391,"column":31},"end":{"line":391,"column":33}},"101":{"start":{"line":392,"column":13},"end":{"line":392,"column":21}},"102":{"start":{"line":394,"column":16},"end":{"line":394,"column":17}},"103":{"start":{"line":394,"column":17},"end":{"line":394,"column":20}},"104":{"start":{"line":394,"column":22},"end":{"line":394,"column":44}},"105":{"start":{"line":395,"column":25},"end":{"line":399,"column":17}},"106":{"start":{"line":398,"column":14},"end":{"line":398,"column":null}},"107":{"start":{"line":398,"column":32},"end":{"line":398,"column":64}},"108":{"start":{"line":400,"column":10},"end":{"line":407,"column":null}},"109":{"start":{"line":402,"column":14},"end":{"line":402,"column":38}},"110":{"start":{"line":403,"column":14},"end":{"line":403,"column":20}},"111":{"start":{"line":405,"column":14},"end":{"line":405,"column":43}},"112":{"start":{"line":406,"column":14},"end":{"line":406,"column":20}},"113":{"start":{"line":393,"column":8},"end":{"line":408,"column":null}},"114":{"start":{"line":409,"column":8},"end":{"line":409,"column":60}},"115":{"start":{"line":409,"column":33},"end":{"line":409,"column":60}},"116":{"start":{"line":410,"column":8},"end":{"line":410,"column":35}},"117":{"start":{"line":412,"column":8},"end":{"line":412,"column":46}},"118":{"start":{"line":415,"column":0},"end":{"line":415,"column":null}},"119":{"start":{"line":28,"column":13},"end":{"line":28,"column":20}}},"fnMap":{"0":{"name":"(anonymous_0)","decl":{"start":{"line":28,"column":0},"end":{"line":28,"column":13}},"loc":{"start":{"line":28,"column":0},"end":{"line":28,"column":13}}},"1":{"name":"Decoder","decl":{"start":{"line":133,"column":2},"end":{"line":133,"column":22}},"loc":{"start":{"line":133,"column":65},"end":{"line":135,"column":3}}},"2":{"name":"(anonymous_2)","decl":{"start":{"line":38,"column":8},"end":{"line":38,"column":12}},"loc":{"start":{"line":38,"column":38},"end":{"line":39,"column":8}}},"3":{"name":"(anonymous_3)","decl":{"start":{"line":39,"column":16},"end":{"line":39,"column":20}},"loc":{"start":{"line":39,"column":20},"end":{"line":39,"column":28}}},"4":{"name":"(anonymous_4)","decl":{"start":{"line":39,"column":47},"end":{"line":39,"column":50}},"loc":{"start":{"line":39,"column":50},"end":{"line":39,"column":65}}},"5":{"name":"(anonymous_5)","decl":{"start":{"line":51,"column":16},"end":{"line":51,"column":20}},"loc":{"start":{"line":51,"column":32},"end":{"line":52,"column":8}}},"6":{"name":"(anonymous_6)","decl":{"start":{"line":52,"column":16},"end":{"line":52,"column":20}},"loc":{"start":{"line":52,"column":20},"end":{"line":56,"column":5}}},"7":{"name":"(anonymous_7)","decl":{"start":{"line":76,"column":12},"end":{"line":76,"column":13}},"loc":{"start":{"line":82,"column":3},"end":{"line":83,"column":8}}},"8":{"name":"(anonymous_8)","decl":{"start":{"line":83,"column":16},"end":{"line":83,"column":20}},"loc":{"start":{"line":83,"column":20},"end":{"line":98,"column":5}}},"9":{"name":"(anonymous_9)","decl":{"start":{"line":113,"column":7},"end":{"line":113,"column":11}},"loc":{"start":{"line":113,"column":30},"end":{"line":114,"column":8}}},"10":{"name":"(anonymous_10)","decl":{"start":{"line":114,"column":16},"end":{"line":114,"column":17}},"loc":{"start":{"line":114,"column":26},"end":{"line":131,"column":5}}},"11":{"name":"(anonymous_11)","decl":{"start":{"line":156,"column":8},"end":{"line":156,"column":9}},"loc":{"start":{"line":156,"column":18},"end":{"line":165,"column":3}}},"12":{"name":"(anonymous_12)","decl":{"start":{"line":160,"column":6},"end":{"line":160,"column":12}},"loc":{"start":{"line":160,"column":12},"end":{"line":161,"column":48}}},"13":{"name":"(anonymous_13)","decl":{"start":{"line":187,"column":9},"end":{"line":187,"column":13}},"loc":{"start":{"line":187,"column":53},"end":{"line":188,"column":8}}},"14":{"name":"(anonymous_14)","decl":{"start":{"line":188,"column":16},"end":{"line":188,"column":20}},"loc":{"start":{"line":188,"column":20},"end":{"line":196,"column":5}}},"15":{"name":"(anonymous_15)","decl":{"start":{"line":209,"column":54},"end":{"line":209,"column":55}},"loc":{"start":{"line":209,"column":64},"end":{"line":215,"column":3}}},"16":{"name":"(anonymous_16)","decl":{"start":{"line":234,"column":50},"end":{"line":234,"column":54}},"loc":{"start":{"line":234,"column":54},"end":{"line":235,"column":8}}},"17":{"name":"(anonymous_17)","decl":{"start":{"line":248,"column":32},"end":{"line":248,"column":51}},"loc":{"start":{"line":248,"column":57},"end":{"line":249,"column":8}}},"18":{"name":"(anonymous_18)","decl":{"start":{"line":249,"column":16},"end":{"line":249,"column":20}},"loc":{"start":{"line":249,"column":20},"end":{"line":258,"column":5}}},"19":{"name":"(anonymous_19)","decl":{"start":{"line":268,"column":32},"end":{"line":268,"column":51}},"loc":{"start":{"line":268,"column":60},"end":{"line":269,"column":8}}},"20":{"name":"(anonymous_20)","decl":{"start":{"line":269,"column":16},"end":{"line":269,"column":20}},"loc":{"start":{"line":269,"column":20},"end":{"line":278,"column":5}}},"21":{"name":"(anonymous_21)","decl":{"start":{"line":288,"column":54},"end":{"line":288,"column":55}},"loc":{"start":{"line":288,"column":64},"end":{"line":289,"column":11}}},"22":{"name":"(anonymous_22)","decl":{"start":{"line":295,"column":23},"end":{"line":295,"column":27}},"loc":{"start":{"line":295,"column":42},"end":{"line":296,"column":8}}},"23":{"name":"(anonymous_23)","decl":{"start":{"line":296,"column":16},"end":{"line":296,"column":22}},"loc":{"start":{"line":296,"column":16},"end":{"line":296,"column":28}}},"24":{"name":"(anonymous_24)","decl":{"start":{"line":301,"column":21},"end":{"line":301,"column":25}},"loc":{"start":{"line":301,"column":33},"end":{"line":302,"column":8}}},"25":{"name":"(anonymous_25)","decl":{"start":{"line":302,"column":16},"end":{"line":302,"column":22}},"loc":{"start":{"line":302,"column":16},"end":{"line":302,"column":28}}},"26":{"name":"(anonymous_26)","decl":{"start":{"line":312,"column":24},"end":{"line":312,"column":28}},"loc":{"start":{"line":312,"column":47},"end":{"line":313,"column":8}}},"27":{"name":"(anonymous_27)","decl":{"start":{"line":313,"column":16},"end":{"line":313,"column":17}},"loc":{"start":{"line":313,"column":26},"end":{"line":317,"column":5}}},"28":{"name":"(anonymous_28)","decl":{"start":{"line":315,"column":37},"end":{"line":315,"column":41}},"loc":{"start":{"line":315,"column":41},"end":{"line":315,"column":52}}},"29":{"name":"(anonymous_29)","decl":{"start":{"line":327,"column":56},"end":{"line":327,"column":60}},"loc":{"start":{"line":327,"column":60},"end":{"line":330,"column":3}}},"30":{"name":"(anonymous_30)","decl":{"start":{"line":343,"column":24},"end":{"line":343,"column":null}},"loc":{"start":{"line":345,"column":23},"end":{"line":347,"column":8}}},"31":{"name":"(anonymous_31)","decl":{"start":{"line":347,"column":16},"end":{"line":347,"column":20}},"loc":{"start":{"line":347,"column":20},"end":{"line":355,"column":5}}},"32":{"name":"(anonymous_32)","decl":{"start":{"line":351,"column":20},"end":{"line":351,"column":25}},"loc":{"start":{"line":351,"column":25},"end":{"line":351,"column":34}}},"33":{"name":"(anonymous_33)","decl":{"start":{"line":351,"column":39},"end":{"line":351,"column":42}},"loc":{"start":{"line":351,"column":42},"end":{"line":351,"column":55}}},"34":{"name":"(anonymous_34)","decl":{"start":{"line":383,"column":25},"end":{"line":383,"column":null}},"loc":{"start":{"line":384,"column":45},"end":{"line":386,"column":8}}},"35":{"name":"(anonymous_35)","decl":{"start":{"line":386,"column":16},"end":{"line":386,"column":17}},"loc":{"start":{"line":386,"column":26},"end":{"line":414,"column":5}}},"36":{"name":"(anonymous_37)","decl":{"start":{"line":397,"column":22},"end":{"line":397,"column":28}},"loc":{"start":{"line":397,"column":28},"end":{"line":398,"column":20}}},"37":{"name":"(anonymous_38)","decl":{"start":{"line":398,"column":25},"end":{"line":398,"column":28}},"loc":{"start":{"line":398,"column":28},"end":{"line":398,"column":50}}}},"branchMap":{"0":{"loc":{"start":{"line":54,"column":6},"end":{"line":55,"column":35}},"type":"if","locations":[{"start":{"line":54,"column":6},"end":{"line":55,"column":35}},{"start":{"line":54,"column":6},"end":{"line":55,"column":35}}]},"1":{"loc":{"start":{"line":87,"column":8},"end":{"line":94,"column":null}},"type":"switch","locations":[{"start":{"line":87,"column":8},"end":{"line":94,"column":null}},{"start":{"line":95,"column":8},"end":{"line":96,"column":24}}]},"2":{"loc":{"start":{"line":88,"column":10},"end":{"line":94,"column":null}},"type":"if","locations":[{"start":{"line":88,"column":10},"end":{"line":94,"column":null}},{"start":{"line":88,"column":10},"end":{"line":94,"column":null}}]},"3":{"loc":{"start":{"line":91,"column":12},"end":{"line":93,"column":58}},"type":"if","locations":[{"start":{"line":91,"column":12},"end":{"line":93,"column":58}},{"start":{"line":91,"column":12},"end":{"line":93,"column":58}}]},"4":{"loc":{"start":{"line":118,"column":8},"end":{"line":119,"column":43}},"type":"switch","locations":[{"start":{"line":118,"column":8},"end":{"line":119,"column":43}},{"start":{"line":120,"column":8},"end":{"line":129,"column":null}}]},"5":{"loc":{"start":{"line":123,"column":12},"end":{"line":124,"column":47}},"type":"switch","locations":[{"start":{"line":123,"column":12},"end":{"line":124,"column":47}},{"start":{"line":125,"column":12},"end":{"line":128,"column":41}}]},"6":{"loc":{"start":{"line":191,"column":8},"end":{"line":192,"column":66}},"type":"switch","locations":[{"start":{"line":191,"column":8},"end":{"line":192,"column":66}},{"start":{"line":193,"column":8},"end":{"line":194,"column":71}}]},"7":{"loc":{"start":{"line":210,"column":4},"end":{"line":214,"column":null}},"type":"if","locations":[{"start":{"line":210,"column":4},"end":{"line":214,"column":null}},{"start":{"line":210,"column":4},"end":{"line":214,"column":null}}]},"8":{"loc":{"start":{"line":210,"column":8},"end":{"line":210,"column":19}},"type":"binary-expr","locations":[{"start":{"line":210,"column":8},"end":{"line":210,"column":19}},{"start":{"line":210,"column":23},"end":{"line":210,"column":47}}]},"9":{"loc":{"start":{"line":236,"column":8},"end":{"line":236,"column":23}},"type":"cond-expr","locations":[{"start":{"line":236,"column":8},"end":{"line":236,"column":23}},{"start":{"line":237,"column":8},"end":{"line":237,"column":46}}]},"10":{"loc":{"start":{"line":235,"column":4},"end":{"line":235,"column":17}},"type":"binary-expr","locations":[{"start":{"line":235,"column":4},"end":{"line":235,"column":17}},{"start":{"line":235,"column":21},"end":{"line":235,"column":39}}]},"11":{"loc":{"start":{"line":252,"column":8},"end":{"line":254,"column":60}},"type":"switch","locations":[{"start":{"line":252,"column":8},"end":{"line":254,"column":60}},{"start":{"line":255,"column":8},"end":{"line":256,"column":47}}]},"12":{"loc":{"start":{"line":253,"column":10},"end":{"line":254,"column":60}},"type":"if","locations":[{"start":{"line":253,"column":10},"end":{"line":254,"column":60}},{"start":{"line":253,"column":10},"end":{"line":254,"column":60}}]},"13":{"loc":{"start":{"line":272,"column":8},"end":{"line":274,"column":63}},"type":"switch","locations":[{"start":{"line":272,"column":8},"end":{"line":274,"column":63}},{"start":{"line":275,"column":8},"end":{"line":276,"column":47}}]},"14":{"loc":{"start":{"line":273,"column":10},"end":{"line":274,"column":63}},"type":"if","locations":[{"start":{"line":273,"column":10},"end":{"line":274,"column":63}},{"start":{"line":273,"column":10},"end":{"line":274,"column":63}}]},"15":{"loc":{"start":{"line":289,"column":31},"end":{"line":289,"column":46}},"type":"cond-expr","locations":[{"start":{"line":289,"column":31},"end":{"line":289,"column":46}},{"start":{"line":289,"column":49},"end":{"line":289,"column":78}}]},"16":{"loc":{"start":{"line":314,"column":6},"end":{"line":316,"column":50}},"type":"if","locations":[{"start":{"line":314,"column":6},"end":{"line":316,"column":50}},{"start":{"line":314,"column":6},"end":{"line":316,"column":50}}]},"17":{"loc":{"start":{"line":328,"column":4},"end":{"line":329,"column":47}},"type":"if","locations":[{"start":{"line":328,"column":4},"end":{"line":329,"column":47}},{"start":{"line":328,"column":4},"end":{"line":329,"column":47}}]},"18":{"loc":{"start":{"line":348,"column":6},"end":{"line":354,"column":null}},"type":"if","locations":[{"start":{"line":348,"column":6},"end":{"line":354,"column":null}},{"start":{"line":348,"column":6},"end":{"line":354,"column":null}}]},"19":{"loc":{"start":{"line":348,"column":10},"end":{"line":348,"column":34}},"type":"binary-expr","locations":[{"start":{"line":348,"column":10},"end":{"line":348,"column":34}},{"start":{"line":348,"column":38},"end":{"line":348,"column":51}}]},"20":{"loc":{"start":{"line":387,"column":6},"end":{"line":413,"column":null}},"type":"if","locations":[{"start":{"line":387,"column":6},"end":{"line":413,"column":null}},{"start":{"line":387,"column":6},"end":{"line":413,"column":null}}]},"21":{"loc":{"start":{"line":387,"column":10},"end":{"line":387,"column":34}},"type":"binary-expr","locations":[{"start":{"line":387,"column":10},"end":{"line":387,"column":34}},{"start":{"line":387,"column":38},"end":{"line":387,"column":51}}]},"22":{"loc":{"start":{"line":401,"column":12},"end":{"line":403,"column":20}},"type":"switch","locations":[{"start":{"line":401,"column":12},"end":{"line":403,"column":20}},{"start":{"line":404,"column":12},"end":{"line":406,"column":20}}]},"23":{"loc":{"start":{"line":409,"column":8},"end":{"line":409,"column":60}},"type":"if","locations":[{"start":{"line":409,"column":8},"end":{"line":409,"column":60}},{"start":{"line":409,"column":8},"end":{"line":409,"column":60}}]}},"s":{"0":1,"1":1,"2":219,"3":219,"4":3,"5":6,"6":3,"7":219,"8":1,"9":1,"10":1,"11":0,"12":1,"13":219,"14":2,"15":2,"16":2,"17":4,"18":4,"19":4,"20":2,"21":2,"22":0,"23":2,"24":0,"25":219,"26":2,"27":5,"28":5,"29":5,"30":2,"31":3,"32":3,"33":2,"34":1,"35":1,"36":1,"37":219,"38":917,"39":917,"40":504,"41":219,"42":1,"43":1,"44":1,"45":1,"46":0,"47":219,"48":1,"49":215,"50":104,"51":111,"52":1,"53":102,"54":1,"55":2,"56":2,"57":2,"58":2,"59":1,"60":1,"61":0,"62":1,"63":0,"64":0,"65":0,"66":0,"67":0,"68":0,"69":0,"70":1,"71":675,"72":1,"73":0,"74":0,"75":1,"76":1,"77":1,"78":1,"79":201,"80":201,"81":101,"82":471,"83":100,"84":1,"85":200,"86":100,"87":100,"88":1,"89":1,"90":1,"91":1,"92":0,"93":0,"94":0,"95":1,"96":1,"97":2,"98":2,"99":2,"100":2,"101":2,"102":4,"103":4,"104":4,"105":4,"106":1,"107":1,"108":4,"109":3,"110":3,"111":1,"112":1,"113":2,"114":2,"115":1,"116":1,"117":0,"118":1,"119":1},"f":{"0":1,"1":219,"2":3,"3":6,"4":3,"5":1,"6":1,"7":2,"8":4,"9":2,"10":5,"11":917,"12":504,"13":1,"14":1,"15":215,"16":102,"17":2,"18":2,"19":0,"20":0,"21":675,"22":0,"23":0,"24":1,"25":1,"26":201,"27":201,"28":471,"29":200,"30":1,"31":1,"32":0,"33":0,"34":1,"35":2,"36":1,"37":1},"b":{"0":[0,1],"1":[4,0],"2":[2,2],"3":[0,2],"4":[2,3],"5":[2,1],"6":[1,0],"7":[104,111],"8":[215,127],"9":[2,100],"10":[102,101],"11":[2,0],"12":[1,1],"13":[0,0],"14":[0,0],"15":[574,101],"16":[101,100],"17":[100,100],"18":[1,0],"19":[1,1],"20":[2,0],"21":[2,2],"22":[3,1],"23":[1,1]}}
,"/home/marccoquand/Projects/decoders/src/result.ts": {"path":"/home/marccoquand/Projects/decoders/src/result.ts","statementMap":{"0":{"start":{"line":1,"column":0},"end":{"line":1,"column":13}},"1":{"start":{"line":55,"column":2},"end":{"line":55,"column":14}},"2":{"start":{"line":4,"column":2},"end":{"line":12,"column":4}},"3":{"start":{"line":5,"column":4},"end":{"line":11,"column":null}},"4":{"start":{"line":7,"column":8},"end":{"line":7,"column":68}},"5":{"start":{"line":10,"column":8},"end":{"line":10,"column":67}},"6":{"start":{"line":14,"column":2},"end":{"line":22,"column":4}},"7":{"start":{"line":15,"column":4},"end":{"line":21,"column":null}},"8":{"start":{"line":17,"column":8},"end":{"line":17,"column":65}},"9":{"start":{"line":20,"column":8},"end":{"line":20,"column":70}},"10":{"start":{"line":24,"column":2},"end":{"line":31,"column":4}},"11":{"start":{"line":25,"column":4},"end":{"line":30,"column":null}},"12":{"start":{"line":27,"column":8},"end":{"line":27,"column":33}},"13":{"start":{"line":29,"column":8},"end":{"line":29,"column":67}},"14":{"start":{"line":56,"column":4},"end":{"line":56,"column":21}},"15":{"start":{"line":33,"column":9},"end":{"line":46,"column":29}},"16":{"start":{"line":34,"column":4},"end":{"line":46,"column":29}},"17":{"start":{"line":35,"column":6},"end":{"line":45,"column":null}},"18":{"start":{"line":37,"column":10},"end":{"line":42,"column":null}},"19":{"start":{"line":39,"column":14},"end":{"line":39,"column":62}},"20":{"start":{"line":41,"column":14},"end":{"line":41,"column":46}},"21":{"start":{"line":44,"column":10},"end":{"line":44,"column":42}},"22":{"start":{"line":48,"column":9},"end":{"line":49,"column":38}},"23":{"start":{"line":49,"column":4},"end":{"line":49,"column":38}},"24":{"start":{"line":50,"column":9},"end":{"line":51,"column":40}},"25":{"start":{"line":51,"column":4},"end":{"line":51,"column":40}},"26":{"start":{"line":53,"column":9},"end":{"line":53,"column":71}},"27":{"start":{"line":53,"column":47},"end":{"line":53,"column":71}},"28":{"start":{"line":54,"column":9},"end":{"line":54,"column":75}},"29":{"start":{"line":54,"column":49},"end":{"line":54,"column":75}},"30":{"start":{"line":58,"column":0},"end":{"line":58,"column":null}},"31":{"start":{"line":1,"column":13},"end":{"line":1,"column":19}}},"fnMap":{"0":{"name":"(anonymous_0)","decl":{"start":{"line":1,"column":0},"end":{"line":1,"column":13}},"loc":{"start":{"line":1,"column":0},"end":{"line":1,"column":13}}},"1":{"name":"Result","decl":{"start":{"line":55,"column":2},"end":{"line":55,"column":14}},"loc":{"start":{"line":55,"column":74},"end":{"line":57,"column":3}}},"2":{"name":"(anonymous_2)","decl":{"start":{"line":4,"column":8},"end":{"line":4,"column":12}},"loc":{"start":{"line":4,"column":30},"end":{"line":12,"column":3}}},"3":{"name":"(anonymous_3)","decl":{"start":{"line":14,"column":13},"end":{"line":14,"column":17}},"loc":{"start":{"line":14,"column":35},"end":{"line":22,"column":3}}},"4":{"name":"(anonymous_4)","decl":{"start":{"line":24,"column":12},"end":{"line":24,"column":16}},"loc":{"start":{"line":24,"column":45},"end":{"line":31,"column":3}}},"5":{"name":"(anonymous_5)","decl":{"start":{"line":33,"column":17},"end":{"line":33,"column":24}},"loc":{"start":{"line":33,"column":46},"end":{"line":34,"column":10}}},"6":{"name":"(anonymous_6)","decl":{"start":{"line":34,"column":18},"end":{"line":34,"column":19}},"loc":{"start":{"line":34,"column":23},"end":{"line":46,"column":5}}},"7":{"name":"(anonymous_7)","decl":{"start":{"line":48,"column":14},"end":{"line":48,"column":21}},"loc":{"start":{"line":48,"column":29},"end":{"line":49,"column":8}}},"8":{"name":"(anonymous_8)","decl":{"start":{"line":50,"column":16},"end":{"line":50,"column":23}},"loc":{"start":{"line":50,"column":31},"end":{"line":51,"column":8}}},"9":{"name":"(anonymous_9)","decl":{"start":{"line":53,"column":16},"end":{"line":53,"column":23}},"loc":{"start":{"line":53,"column":42},"end":{"line":53,"column":52}}},"10":{"name":"(anonymous_10)","decl":{"start":{"line":54,"column":18},"end":{"line":54,"column":25}},"loc":{"start":{"line":54,"column":44},"end":{"line":54,"column":54}}}},"branchMap":{"0":{"loc":{"start":{"line":6,"column":6},"end":{"line":7,"column":68}},"type":"switch","locations":[{"start":{"line":6,"column":6},"end":{"line":7,"column":68}},{"start":{"line":9,"column":6},"end":{"line":10,"column":67}}]},"1":{"loc":{"start":{"line":16,"column":6},"end":{"line":17,"column":65}},"type":"switch","locations":[{"start":{"line":16,"column":6},"end":{"line":17,"column":65}},{"start":{"line":19,"column":6},"end":{"line":20,"column":70}}]},"2":{"loc":{"start":{"line":26,"column":6},"end":{"line":27,"column":33}},"type":"switch","locations":[{"start":{"line":26,"column":6},"end":{"line":27,"column":33}},{"start":{"line":28,"column":6},"end":{"line":29,"column":67}}]},"3":{"loc":{"start":{"line":36,"column":8},"end":{"line":42,"column":null}},"type":"switch","locations":[{"start":{"line":36,"column":8},"end":{"line":42,"column":null}},{"start":{"line":43,"column":8},"end":{"line":44,"column":42}}]},"4":{"loc":{"start":{"line":38,"column":12},"end":{"line":39,"column":62}},"type":"switch","locations":[{"start":{"line":38,"column":12},"end":{"line":39,"column":62}},{"start":{"line":40,"column":12},"end":{"line":41,"column":46}}]}},"s":{"0":1,"1":2805,"2":2805,"3":6,"4":3,"5":3,"6":2805,"7":922,"8":417,"9":505,"10":2805,"11":0,"12":0,"13":0,"14":2805,"15":1,"16":101,"17":471,"18":471,"19":471,"20":0,"21":0,"22":1,"23":1367,"24":1,"25":510,"26":1,"27":1,"28":1,"29":0,"30":1,"31":1},"f":{"0":1,"1":2805,"2":6,"3":922,"4":0,"5":101,"6":471,"7":1367,"8":510,"9":1,"10":0},"b":{"0":[3,3],"1":[417,505],"2":[0,0],"3":[471,0],"4":[471,0]}}
}
