TN:
SF:/home/marccoquand/Projects/decoders/src/decoder.ts
FN:28,(anonymous_0)
FN:133,Decoder
FN:38,(anonymous_2)
FN:39,(anonymous_3)
FN:39,(anonymous_4)
FN:51,(anonymous_5)
FN:52,(anonymous_6)
FN:76,(anonymous_7)
FN:83,(anonymous_8)
FN:113,(anonymous_9)
FN:114,(anonymous_10)
FN:156,(anonymous_11)
FN:160,(anonymous_12)
FN:187,(anonymous_13)
FN:188,(anonymous_14)
FN:209,(anonymous_15)
FN:234,(anonymous_16)
FN:248,(anonymous_17)
FN:249,(anonymous_18)
FN:268,(anonymous_19)
FN:269,(anonymous_20)
FN:288,(anonymous_21)
FN:295,(anonymous_22)
FN:296,(anonymous_23)
FN:301,(anonymous_24)
FN:302,(anonymous_25)
FN:312,(anonymous_26)
FN:313,(anonymous_27)
FN:315,(anonymous_28)
FN:327,(anonymous_29)
FN:343,(anonymous_30)
FN:347,(anonymous_31)
FN:351,(anonymous_32)
FN:351,(anonymous_33)
FN:383,(anonymous_34)
FN:386,(anonymous_35)
FN:397,(anonymous_37)
FN:398,(anonymous_38)
FNF:38
FNH:32
FNDA:1,(anonymous_0)
FNDA:219,Decoder
FNDA:3,(anonymous_2)
FNDA:6,(anonymous_3)
FNDA:3,(anonymous_4)
FNDA:1,(anonymous_5)
FNDA:1,(anonymous_6)
FNDA:2,(anonymous_7)
FNDA:4,(anonymous_8)
FNDA:2,(anonymous_9)
FNDA:5,(anonymous_10)
FNDA:917,(anonymous_11)
FNDA:504,(anonymous_12)
FNDA:1,(anonymous_13)
FNDA:1,(anonymous_14)
FNDA:215,(anonymous_15)
FNDA:102,(anonymous_16)
FNDA:2,(anonymous_17)
FNDA:2,(anonymous_18)
FNDA:0,(anonymous_19)
FNDA:0,(anonymous_20)
FNDA:675,(anonymous_21)
FNDA:0,(anonymous_22)
FNDA:0,(anonymous_23)
FNDA:1,(anonymous_24)
FNDA:1,(anonymous_25)
FNDA:201,(anonymous_26)
FNDA:201,(anonymous_27)
FNDA:471,(anonymous_28)
FNDA:200,(anonymous_29)
FNDA:1,(anonymous_30)
FNDA:1,(anonymous_31)
FNDA:0,(anonymous_32)
FNDA:0,(anonymous_33)
FNDA:1,(anonymous_34)
FNDA:2,(anonymous_35)
FNDA:1,(anonymous_37)
FNDA:1,(anonymous_38)
DA:1,1
DA:28,1
DA:38,219
DA:39,6
DA:51,219
DA:52,1
DA:53,1
DA:54,1
DA:55,1
DA:76,219
DA:77,2
DA:78,2
DA:83,2
DA:84,4
DA:86,4
DA:88,4
DA:89,2
DA:91,2
DA:92,0
DA:93,2
DA:96,0
DA:113,219
DA:114,2
DA:115,5
DA:116,5
DA:117,5
DA:119,2
DA:121,3
DA:122,3
DA:124,2
DA:126,1
DA:127,1
DA:128,1
DA:133,219
DA:134,219
DA:156,219
DA:157,917
DA:159,917
DA:161,504
DA:187,219
DA:188,1
DA:189,1
DA:190,1
DA:192,1
DA:194,0
DA:209,1
DA:210,215
DA:211,104
DA:213,111
DA:234,1
DA:235,102
DA:248,1
DA:249,2
DA:250,2
DA:251,2
DA:253,2
DA:254,1
DA:256,0
DA:268,1
DA:269,0
DA:270,0
DA:271,0
DA:273,0
DA:274,0
DA:276,0
DA:288,1
DA:289,675
DA:295,1
DA:296,0
DA:301,1
DA:302,1
DA:312,1
DA:313,201
DA:314,201
DA:315,471
DA:316,100
DA:327,1
DA:328,200
DA:329,100
DA:343,1
DA:347,1
DA:348,1
DA:349,1
DA:351,0
DA:353,0
DA:383,1
DA:386,1
DA:387,2
DA:388,2
DA:390,2
DA:391,2
DA:392,2
DA:393,2
DA:394,4
DA:395,4
DA:398,1
DA:400,4
DA:402,3
DA:403,3
DA:405,1
DA:406,1
DA:409,2
DA:410,1
DA:412,0
DA:415,1
LF:105
LH:91
BRDA:54,0,0,0
BRDA:54,0,1,1
BRDA:87,1,0,4
BRDA:87,1,1,0
BRDA:88,2,0,2
BRDA:88,2,1,2
BRDA:91,3,0,0
BRDA:91,3,1,2
BRDA:118,4,0,2
BRDA:118,4,1,3
BRDA:123,5,0,2
BRDA:123,5,1,1
BRDA:191,6,0,1
BRDA:191,6,1,0
BRDA:210,7,0,104
BRDA:210,7,1,111
BRDA:210,8,0,215
BRDA:210,8,1,127
BRDA:236,9,0,2
BRDA:236,9,1,100
BRDA:235,10,0,102
BRDA:235,10,1,101
BRDA:252,11,0,2
BRDA:252,11,1,0
BRDA:253,12,0,1
BRDA:253,12,1,1
BRDA:272,13,0,0
BRDA:272,13,1,0
BRDA:273,14,0,0
BRDA:273,14,1,0
BRDA:289,15,0,574
BRDA:289,15,1,101
BRDA:314,16,0,101
BRDA:314,16,1,100
BRDA:328,17,0,100
BRDA:328,17,1,100
BRDA:348,18,0,1
BRDA:348,18,1,0
BRDA:348,19,0,1
BRDA:348,19,1,1
BRDA:387,20,0,2
BRDA:387,20,1,0
BRDA:387,21,0,2
BRDA:387,21,1,2
BRDA:401,22,0,3
BRDA:401,22,1,1
BRDA:409,23,0,1
BRDA:409,23,1,1
BRF:48
BRH:37
end_of_record
TN:
SF:/home/marccoquand/Projects/decoders/src/result.ts
FN:1,(anonymous_0)
FN:55,Result
FN:4,(anonymous_2)
FN:14,(anonymous_3)
FN:24,(anonymous_4)
FN:33,(anonymous_5)
FN:34,(anonymous_6)
FN:48,(anonymous_7)
FN:50,(anonymous_8)
FN:53,(anonymous_9)
FN:54,(anonymous_10)
FNF:11
FNH:9
FNDA:1,(anonymous_0)
FNDA:2805,Result
FNDA:6,(anonymous_2)
FNDA:922,(anonymous_3)
FNDA:0,(anonymous_4)
FNDA:101,(anonymous_5)
FNDA:471,(anonymous_6)
FNDA:1367,(anonymous_7)
FNDA:510,(anonymous_8)
FNDA:1,(anonymous_9)
FNDA:0,(anonymous_10)
DA:1,1
DA:4,2805
DA:5,6
DA:7,3
DA:10,3
DA:14,2805
DA:15,922
DA:17,417
DA:20,505
DA:24,2805
DA:25,0
DA:27,0
DA:29,0
DA:33,1
DA:34,101
DA:35,471
DA:37,471
DA:39,471
DA:41,0
DA:44,0
DA:48,1
DA:49,1367
DA:50,1
DA:51,510
DA:53,1
DA:54,1
DA:55,2805
DA:56,2805
DA:58,1
LF:29
LH:24
BRDA:6,0,0,3
BRDA:6,0,1,3
BRDA:16,1,0,417
BRDA:16,1,1,505
BRDA:26,2,0,0
BRDA:26,2,1,0
BRDA:36,3,0,471
BRDA:36,3,1,0
BRDA:38,4,0,471
BRDA:38,4,1,0
BRF:10
BRH:6
end_of_record
